<?xml version="1.0" encoding="UTF-8"?>
<!-- Generated by org.testng.reporters.JUnitXMLReporter -->
<testsuite ignored="0" hostname="DESKTOP-RJV2LV8" failures="0" tests="2" name="Surefire test" time="25.679" errors="0" timestamp="2021-08-24T22:22:22 CEST">
  <testcase classname="tests.FailedLoginTests" name="asUserTryLoginWithIncorrectLoginAndPassword" time="2.294"/>
  <testcase classname="tests.PositiveLoginTests" name="asUserLoginWithCorrectPasswordAndLogin" time="3.234"/>
</testsuite> <!-- Surefire test -->
